<?xml version="1.0" encoding="UTF-8"?>
<!-- Generated by org.testng.reporters.JUnitReportReporter -->
<testsuite hostname="Ruchit" failures="0" tests="1" name="Tests.FlightSearchFunctionality" time="5.950" errors="0" timestamp="2025-02-15T17:08:30 IST" skipped="0">
  <testcase classname="Tests.FlightSearchFunctionality" name="RoundTripFlightSearch" time="5.950"/>
</testsuite> <!-- Tests.FlightSearchFunctionality -->
