<?xml version="1.0" encoding="UTF-8"?>
<!-- Generated by org.testng.reporters.JUnitReportReporter -->
<testsuite hostname="Ruchit" failures="0" tests="1" name="Tests.FlightSearchFunctionality" time="16.460" errors="0" timestamp="2025-02-16T16:07:44 IST" skipped="0">
  <testcase classname="Tests.FlightSearchFunctionality" name="RoundTripFlightSearch" time="16.460"/>
</testsuite> <!-- Tests.FlightSearchFunctionality -->
